This is pdfTeX, Version 3.14159265-2.6-1.40.16 (TeX Live 2015) (preloaded format=prv_ass5_ChangLi 2016.10.2)  2 OCT 2016 19:57
entering extended mode
 restricted \write18 enabled.
 %&-line parsing enabled.
**&prv_ass5_ChangLi _region_.tex
(./_region_.tex
LaTeX2e <2016/02/01>
Babel <3.9q> and hyphenation patterns for 81 language(s) loaded.
CUSTOMISED FORMAT. Preloaded files:
        .
 article.cls    2014/09/29 v1.4h Standard LaTeX document class
  size10.clo    2014/09/29 v1.4h Standard LaTeX file (size option)
 amssymb.sty    2013/01/14 v3.01 AMS font symbols
amsfonts.sty    2013/01/14 v3.01 Basic AMSFonts support
 amsmath.sty    2013/01/14 v2.14 AMS math features
 amstext.sty    2000/06/29 v2.01
  amsgen.sty    1999/11/30 v2.0
  amsbsy.sty    1999/11/29 v1.2d
  amsopn.sty    1999/12/14 v2.01 operator names
    cite.sty    2015/02/27  v 5.5
   mcode.sty    2015/11/11 2.7
  xcolor.sty    2007/01/21 v2.11 LaTeX color extensions (UK)
   color.cfg    2007/01/18 v1.5 color configuration of teTeX/TeXLive
  pdftex.def    2011/05/27 v0.06d Graphics/color for pdfTeX
infwarerr.sty    2010/04/08 v1.3 Providing info/warning/error messages (HO)
 ltxcmds.sty    2011/11/09 v1.22 LaTeX kernel commands for general use (HO)
listings.sty    2015/06/04 1.6 (Carsten Heinz)
  keyval.sty    2014/10/28 v1.15 key=value parser (DPC)
 lstmisc.sty    2015/06/04 1.6 (Carsten Heinz)
listings.cfg    2015/06/04 1.6 listings configuration
textcomp.sty    2005/09/27 v1.99g Standard LaTeX package
  ts1enc.def    2001/06/05 v3.0e (jk/car/fm) Standard LaTeX file
  ot1pcr.fd    2001/06/04 font definitions for OT1/pcr.
graphicx.sty    2014/10/28 v1.0g Enhanced LaTeX Graphics (DPC,SPQR)
graphics.sty    2016/01/03 v1.0q Standard LaTeX Graphics (DPC,SPQR)
    trig.sty    2016/01/03 v1.10 sin cos tan (DPC)
graphics.cfg    2010/04/23 v1.9 graphics configuration of TeX Live
    umsa.fd    2013/01/14 v3.01 AMS symbols A
    umsb.fd    2013/01/14 v3.01 AMS symbols B
        .
No file _region_.aux.
LaTeX Font Info:    Checking defaults for OML/cmm/m/it on input line 11.
LaTeX Font Info:    ... okay on input line 11.
LaTeX Font Info:    Checking defaults for T1/cmr/m/n on input line 11.
LaTeX Font Info:    ... okay on input line 11.
LaTeX Font Info:    Checking defaults for OT1/cmr/m/n on input line 11.
LaTeX Font Info:    ... okay on input line 11.
LaTeX Font Info:    Checking defaults for OMS/cmsy/m/n on input line 11.
LaTeX Font Info:    ... okay on input line 11.
LaTeX Font Info:    Checking defaults for OMX/cmex/m/n on input line 11.
LaTeX Font Info:    ... okay on input line 11.
LaTeX Font Info:    Checking defaults for U/cmr/m/n on input line 11.
LaTeX Font Info:    ... okay on input line 11.
LaTeX Font Info:    Checking defaults for TS1/cmr/m/n on input line 11.
LaTeX Font Info:    Try loading font information for TS1+cmr on input line 11.
(/usr/local/texlive/2015/texmf-dist/tex/latex/base/ts1cmr.fd
File: ts1cmr.fd 2014/09/29 v2.5h Standard LaTeX font definitions
)
LaTeX Font Info:    ... okay on input line 11.

(/Users/spacegoing/.emacs.d/elpa/auctex-11.89.1/latex/preview.sty
Package: preview 2010/02/14 11.89 (AUCTeX/preview-latex)

(/Users/spacegoing/.emacs.d/elpa/auctex-11.89.1/latex/prtightpage.def
\PreviewBorder=\dimen118
)
(/Users/spacegoing/.emacs.d/elpa/auctex-11.89.1/latex/prauctex.def
No auxiliary output files.


\hbadness=\count108
\hfuzz=\dimen119
(/Users/spacegoing/.emacs.d/elpa/auctex-11.89.1/latex/prauctex.cfg))
(/Users/spacegoing/.emacs.d/elpa/auctex-11.89.1/latex/prfootnotes.def)
\pr@snippet=\count109
\pr@box=\box31
\pr@output=\toks22

Preview: Fontsize 10pt
Preview: PDFoutput 1
) (/usr/local/texlive/2015/texmf-dist/tex/context/base/supp-pdf.mkii
[Loading MPS to PDF converter (version 2006.09.02).]
\scratchcounter=\count110
\scratchdimen=\dimen120
\scratchbox=\box32
\nofMPsegments=\count111
\nofMParguments=\count112
\everyMPshowfont=\toks23
\MPscratchCnt=\count113
\MPscratchDim=\dimen121
\MPnumerator=\count114
\makeMPintoPDFobject=\count115
\everyMPtoPDFconversion=\toks24
)
\c@lstlisting=\count116
 (/usr/local/texlive/2015/texmf-dist/tex/generic/oberdiek/pdftexcmds.sty
Package: pdftexcmds 2011/11/29 v0.20 Utility functions of pdfTeX for LuaTeX (HO
)

(/usr/local/texlive/2015/texmf-dist/tex/generic/oberdiek/ifluatex.sty
Package: ifluatex 2010/03/01 v1.3 Provides the ifluatex switch (HO)
Package ifluatex Info: LuaTeX not detected.
)
(/usr/local/texlive/2015/texmf-dist/tex/generic/oberdiek/ifpdf.sty
Package: ifpdf 2011/01/30 v2.3 Provides the ifpdf switch (HO)
Package ifpdf Info: pdfTeX in PDF mode is detected.
)
Package pdftexcmds Info: LuaTeX not detected.
Package pdftexcmds Info: \pdf@primitive is available.
Package pdftexcmds Info: \pdf@ifprimitive is available.
Package pdftexcmds Info: \pdfdraftmode found.
)
(/usr/local/texlive/2015/texmf-dist/tex/latex/oberdiek/epstopdf-base.sty
Package: epstopdf-base 2010/02/09 v2.5 Base part for package epstopdf

(/usr/local/texlive/2015/texmf-dist/tex/latex/oberdiek/grfext.sty
Package: grfext 2010/08/19 v1.1 Manage graphics extensions (HO)

(/usr/local/texlive/2015/texmf-dist/tex/generic/oberdiek/kvdefinekeys.sty
Package: kvdefinekeys 2011/04/07 v1.3 Define keys (HO)
))
(/usr/local/texlive/2015/texmf-dist/tex/latex/oberdiek/kvoptions.sty
Package: kvoptions 2011/06/30 v3.11 Key value format for package options (HO)

(/usr/local/texlive/2015/texmf-dist/tex/generic/oberdiek/kvsetkeys.sty
Package: kvsetkeys 2012/04/25 v1.16 Key value parser (HO)

(/usr/local/texlive/2015/texmf-dist/tex/generic/oberdiek/etexcmds.sty
Package: etexcmds 2011/02/16 v1.5 Avoid name clashes with e-TeX commands (HO)
Package etexcmds Info: Could not find \expanded.
(etexcmds)             That can mean that you are not using pdfTeX 1.50 or
(etexcmds)             that some package has redefined \expanded.
(etexcmds)             In the latter case, load this package earlier.
)))
Package grfext Info: Graphics extension search list:
(grfext)             [.jpg,.png,.eps]
(grfext)             \AppendGraphicsExtensions on input line 452.

(/usr/local/texlive/2015/texmf-dist/tex/latex/latexconfig/epstopdf-sys.cfg
File: epstopdf-sys.cfg 2010/07/13 v1.3 Configuration of (r)epstopdf for TeX Liv
e
))
 !name(ass5_ChangLi.tex) !offset(-3) 
! Preview: Snippet 1 started.
<-><->
      
l.19 \section
             {Solutions}
Not a real error.

Preview: Tightpage -32891 -32891 32891 32891
! Preview: Snippet 1 ended.(655359+0x22609920).
<-><->
      
l.19 \section{Solutions}
                        
Not a real error.

[1{/usr/local/texlive/2015/texmf-var/fonts/map/pdftex/updmap/pdftex.map}

]
! Preview: Snippet 2 started.
<-><->
      
l.21 \subsection
                {Linear Programming}
Not a real error.

! Preview: Snippet 2 ended.(546132+152916x22609920).
<-><->
      
l.21 \subsection{Linear Programming}
                                    
Not a real error.

[2

]
! Preview: Snippet 3 started.
<-><->
      
l.23 \begin{align*}
                   
Not a real error.

! Preview: Snippet 3 ended.(3145758+0x12784752).
<-><->
      
l.30 \end{align*}
                 
Not a real error.

[3]
! Preview: Snippet 4 started.
<-><->
      
l.31 The optimal value is $
                           1.5$.
Not a real error.

! Preview: Snippet 4 ended.(422343+0x837407).
<-><->
      
l.31 The optimal value is $1.5$
                               .
Not a real error.

[4]
LaTeX Font Info:    Try loading font information for TS1+pcr on input line 45.
 (/usr/local/texlive/2015/texmf-dist/tex/latex/psnfss/ts1pcr.fd
File: ts1pcr.fd 2001/06/04 font definitions for TS1/pcr.
)
! Preview: Snippet 5 started.
<-><->
      
l.57 \subsection
                {Regularized Maximum Likelihood Estimation}
Not a real error.

! Preview: Snippet 5 ended.(546132+152916x22609920).
<-><->
      
l.57 ...Regularized Maximum Likelihood Estimation}
                                                  
Not a real error.

[5

]
! Preview: Snippet 6 started.
<-><->
      
l.59 \subsubsection
                   {a}
Not a real error.

! Preview: Snippet 6 ended.(422343+0x22609920).
<-><->
      
l.59 \subsubsection{a}
                      
Not a real error.

[6

]
! Preview: Snippet 7 started.
<-><->
      
l.60 Because dataset $
                      D$ is drawn from a Gaussian distribution
Not a real error.

! Preview: Snippet 7 ended.(447828+0x560788).
<-><->
      
l.60 Because dataset $D$
                         is drawn from a Gaussian distribution
Not a real error.

[7]
! Preview: Snippet 8 started.
<-><->
      
l.61 with mean $
                \mu$ and covariance $\Sigma$. Suppose $x\in R^n$,
Not a real error.

! Preview: Snippet 8 ended.(282168+127431x394886).
<-><->
      
l.61 with mean $\mu$
                     and covariance $\Sigma$. Suppose $x\in R^n$,
Not a real error.

[8]
! Preview: Snippet 9 started.
<-><->
      
l.61 with mean $\mu$ and covariance $
                                     \Sigma$. Suppose $x\in R^n$,
Not a real error.

! Preview: Snippet 9 ended.(447828+0x473316).
<-><->
      
l.61 with mean $\mu$ and covariance $\Sigma$
                                            . Suppose $x\in R^n$,
Not a real error.

[9]
! Preview: Snippet 10 started.
<-><->
      
l.61 ...n $\mu$ and covariance $\Sigma$. Suppose $
                                                  x\in R^n$,
Not a real error.

! Preview: Snippet 10 ended.(447828+25623x2034949).
<-><->
      
l.61 ...nd covariance $\Sigma$. Suppose $x\in R^n$
                                                  ,
Not a real error.

[10]
! Preview: Snippet 11 started.
<-><->
      
l.63 $
      $p(x) = (2\pi)^{-n/2}det(\Sigma)^{-1/2}exp(-(x-\mu)^T\Sigma^{-1}(x-\mu...

Not a real error.

! Preview: Snippet 11 ended.(950272+0x22609920).
<-><->
      
l.63 ...-1/2}exp(-(x-\mu)^T\Sigma^{-1}(x-\mu)/2)$$
                                                  
Not a real error.

[11]
! Preview: Snippet 12 started.
<-><->
      
l.66 \begin{align*}
                   
Not a real error.

! Preview: Snippet 12 ended.(3085568+0x20343920).
<-><->
      
l.70 \end{align*}
                 
Not a real error.

[12]
! Preview: Snippet 13 started.
<-><->
      
l.71 Since $
            (x-\mu)^T\Sigma^{-1}(x-\mu)$ is a number and
Not a real error.

! Preview: Snippet 13 ended.(551306+163840x5750090).
<-><->
      
l.71 Since $(x-\mu)^T\Sigma^{-1}(x-\mu)$
                                         is a number and
Not a real error.

[13]
! Preview: Snippet 14 started.
<-><->
      
l.72 $
      \mathrm{trace}(AB)=\mathrm{trace}(BA)$ therefore,
Not a real error.

! Preview: Snippet 14 ended.(491520+163840x6779792).
<-><->
      
l.72 $\mathrm{trace}(AB)=\mathrm{trace}(BA)$
                                             therefore,
Not a real error.

[14]
! Preview: Snippet 15 started.
<-><->
      
l.73 $
      $(x-\mu)^T\Sigma^{-1}(x-\mu)= \mathrm{tr}((x-\mu)^T\Sigma^{-1}(x-\mu))...

Not a real error.

! Preview: Snippet 15 ended.(1605632+0x22609920).
<-><->
      
l.73 ...\mathrm{tr}(\Sigma^{-1}(x-\mu)^T(x-\mu))$$
                                                  
Not a real error.

[15]
! Preview: Snippet 16 started.
<-><->
      
l.75 \begin{align*}
                   
Not a real error.

! Preview: Snippet 16 ended.(3021003+0x18979257).
<-><->
      
l.79 \end{align*}
                 
Not a real error.

[16]
! Preview: Snippet 17 started.
<-><->
      
l.80 Plugging into the third term of $
                                      l(D)$ we can reformulate it as:
Not a real error.

! Preview: Snippet 17 ended.(491520+163840x1278956).
<-><->
      
l.80 Plugging into the third term of $l(D)$
                                            we can reformulate it as:
Not a real error.

[17]
! Preview: Snippet 18 started.
<-><->
      
l.81 \begin{align*}
                   
Not a real error.

! Preview: Snippet 18 ended.(1975550+0x16846474).
<-><->
      
l.84 \end{align*}
                 
Not a real error.

[18]
! Preview: Snippet 19 started.
<-><->
      
l.86 \subsubsection
                   {b}
Not a real error.

! Preview: Snippet 19 ended.(455111+0x22609920).
<-><->
      
l.86 \subsubsection{b}
                      
Not a real error.

[19

]
! Preview: Snippet 20 started.
<-><->
      
l.87 Because $
              K\succ 0$, we use the fact in section
Not a real error.

! Preview: Snippet 20 ended.(447828+25623x1804964).
<-><->
      
l.87 Because $K\succ 0$
                       , we use the fact in section
Not a real error.

[20]

LaTeX Warning: Citation `boyd2004convex' on page 2 undefined on input line 88.

! Preview: Snippet 21 started.
<-><->
      
l.90 $
      \mathrm{tr}(\hat{\Sigma}K)$ is also convex. And the
Not a real error.

! Preview: Snippet 21 ended.(620771+163840x2098065).
<-><->
      
l.90 $\mathrm{tr}(\hat{\Sigma}K)$
                                  is also convex. And the
Not a real error.

[21]
! Preview: Snippet 22 started.
<-><->
      
l.97 \subsubsection
                   {c}
Not a real error.

! Preview: Snippet 22 ended.(422343+0x22609920).
<-><->
      
l.97 \subsubsection{c}
                      
Not a real error.

[22

]

LaTeX Warning: Reference `fig:q2vs' on page 2 undefined on input line 98.

! Preview: Snippet 23 started.
<-><->
      
l.98 The following figure~\ref{fig:q2vs} uses $
                                               \lambda\in [1e-5,10]$ as $x$
Not a real error.

! Preview: Snippet 23 ended.(491520+163840x4255509).
<-><->
      
l.98 ...\ref{fig:q2vs} uses $\lambda\in [1e-5,10]$
                                                   as $x$
Not a real error.

[23]
! Preview: Snippet 24 started.
<-><->
      
l.98 ...fig:q2vs} uses $\lambda\in [1e-5,10]$ as $
                                                  x$
Not a real error.

! Preview: Snippet 24 ended.(282168+0x374556).
<-><->
      
l.98 ...g:q2vs} uses $\lambda\in [1e-5,10]$ as $x$
                                                  
Not a real error.

[24]
! Preview: Snippet 25 started.
<-><->
      
l.103 \begin{figure*}
                     
Not a real error.

<images/Q2_vslambda.png, id=87, 603.25375pt x 477.785pt>
File: images/Q2_vslambda.png Graphic file (type png)

<use images/Q2_vslambda.png>
Package pdftex.def Info: images/Q2_vslambda.png used on input line 105.
(pdftex.def)             Requested size: 241.49895pt x 191.271pt.

! Preview: Snippet 25 ended.(14104359+0x22609920).
<-><->
      
l.108 \end{figure*}
                   
Not a real error.

[25


 <./images/Q2_vslambda.png>]
LaTeX Font Info:    Try loading font information for OML+pcr on input line 144.


(/usr/local/texlive/2015/texmf-dist/tex/latex/psnfss/omlpcr.fd
File: omlpcr.fd 
)
LaTeX Font Info:    Font shape `OML/pcr/m/n' in size <8> not available
(Font)              Font shape `OML/cmm/m/it' tried instead on input line 144.
LaTeX Font Info:    Try loading font information for OMS+pcr on input line 150.


(/usr/local/texlive/2015/texmf-dist/tex/latex/psnfss/omspcr.fd
File: omspcr.fd 
)
LaTeX Font Info:    Font shape `OMS/pcr/m/n' in size <8> not available
(Font)              Font shape `OMS/cmsy/m/n' tried instead on input line 150.

! Preview: Snippet 26 started.
<-><->
      
l.157 \subsection
                 {Total Variation Denoising}
Not a real error.

! Preview: Snippet 26 ended.(546132+152916x22609920).
<-><->
      
l.157 \subsection{Total Variation Denoising}
                                            
Not a real error.

[26

]
! Preview: Snippet 27 started.
<-><->
      
l.158 To find a ``good'' value of $
                                   \lambda$, we print out the
Not a real error.

! Preview: Snippet 27 ended.(455111+0x382295).
<-><->
      
l.158 To find a ``good'' value of $\lambda$
                                           , we print out the
Not a real error.

[27]
! Preview: Snippet 28 started.
<-><->
      
l.159 trade-off curve between $
                               ||D*\hat{x}||_1$ and
Not a real error.

! Preview: Snippet 28 ended.(491520+163840x2576472).
<-><->
      
l.159 trade-off curve between $||D*\hat{x}||_1$
                                                and
Not a real error.

[28]
! Preview: Snippet 29 started.
<-><->
      
l.160 $
       ||\hat{x}-x_{corr}||_2$ in the following graph~\ref{fig:q3tradeoff}:
Not a real error.

! Preview: Snippet 29 ended.(491520+163840x3612831).
<-><->
      
l.160 $||\hat{x}-x_{corr}||_2$
                               in the following graph~\ref{fig:q3tradeoff}:
Not a real error.

[29]

LaTeX Warning: Reference `fig:q3tradeoff' on page 3 undefined on input line 160
.

! Preview: Snippet 30 started.
<-><->
      
l.162 \begin{figure}
                    [ht]
Not a real error.

<images/Q3_tradeoff.png, id=106, 778.91pt x 582.175pt>
File: images/Q3_tradeoff.png Graphic file (type png)

<use images/Q3_tradeoff.png>
Package pdftex.def Info: images/Q3_tradeoff.png used on input line 164.
(pdftex.def)             Requested size: 241.49895pt x 180.49904pt.

! Preview: Snippet 30 ended.(13398408+0x22609920).
<-><->
      
l.167 \end{figure}
                  
Not a real error.

[30


 <./images/Q3_tradeoff.png>]
! Preview: Snippet 31 started.
<-><->
      
l.169 We can find that when $
                             ||D*\hat{x}||_1$ is around
Not a real error.

! Preview: Snippet 31 ended.(491520+163840x2576472).
<-><->
      
l.169 We can find that when $||D*\hat{x}||_1$
                                              is around
Not a real error.

[31]
! Preview: Snippet 32 started.
<-><->
      
l.170 $
       [4.8,5.2]$, the curve has a clear knee. After some
Not a real error.

! Preview: Snippet 32 ended.(491520+163840x2330173).
<-><->
      
l.170 $[4.8,5.2]$
                 , the curve has a clear knee. After some
Not a real error.

[32]
! Preview: Snippet 33 started.
<-><->
      
l.171 experiments we found when $
                                 \lambda = 0.2212$ the recovered
Not a real error.

! Preview: Snippet 33 ended.(455111+0x3076551).
<-><->
      
l.171 experiments we found when $\lambda = 0.2212$
                                                   the recovered
Not a real error.

[33]

LaTeX Warning: Reference `fig:q3recovered' on page 3 undefined on input line 17
3.

! Preview: Snippet 34 started.
<-><->
      
l.174 signal and the signal recovered when $
                                            \lambda = 0.2212$:
Not a real error.

! Preview: Snippet 34 ended.(455111+0x3076551).
<-><->
      
l.174 ... signal recovered when $\lambda = 0.2212$
                                                  :
Not a real error.

[34]
! Preview: Snippet 35 started.
<-><->
      
l.177 \begin{figure}
                    [ht]
Not a real error.

<images/Q3_signal.png, id=124, 882.29625pt x 847.165pt>
File: images/Q3_signal.png Graphic file (type png)

<use images/Q3_signal.png>
Package pdftex.def Info: images/Q3_signal.png used on input line 179.
(pdftex.def)             Requested size: 276.00105pt x 265.00986pt.

! Preview: Snippet 35 ended.(18936909+0x22609920).
<-><->
      
l.182 \end{figure}
                  
Not a real error.

[35


 <./images/Q3_signal.png>]

LaTeX Warning: Reference `fig:q3recovered' on page 3 undefined on input line 18
4.

No file _region_.bbl.

LaTeX Warning: There were undefined references.

 ) 
Here is how much of TeX's memory you used:
 1092 strings out of 489086
 17148 string characters out of 6081997
 194888 words of memory out of 5000000
 8461 multiletter control sequences out of 15000+600000
 13622 words of font info for 53 fonts, out of 8000000 for 9000
 1141 hyphenation exceptions out of 8191
 37i,16n,30p,252b,1537s stack positions out of 5000i,500n,10000p,200000b,80000s
</usr/local/texlive/2015/texmf-dist/fonts/type1/public/amsfonts/cm/cmbx10.pfb
></usr/local/texlive/2015/texmf-dist/fonts/type1/public/amsfonts/cm/cmbx12.pfb>
</usr/local/texlive/2015/texmf-dist/fonts/type1/public/amsfonts/cm/cmex10.pfb><
/usr/local/texlive/2015/texmf-dist/fonts/type1/public/amsfonts/cm/cmmi10.pfb></
usr/local/texlive/2015/texmf-dist/fonts/type1/public/amsfonts/cm/cmmi7.pfb></us
r/local/texlive/2015/texmf-dist/fonts/type1/public/amsfonts/cm/cmr10.pfb></usr/
local/texlive/2015/texmf-dist/fonts/type1/public/amsfonts/cm/cmr7.pfb></usr/loc
al/texlive/2015/texmf-dist/fonts/type1/public/amsfonts/cm/cmsy10.pfb></usr/loca
l/texlive/2015/texmf-dist/fonts/type1/public/amsfonts/cm/cmsy7.pfb>
Output written on _region_.pdf (35 pages, 182706 bytes).
PDF statistics:
 160 PDF objects out of 1000 (max. 8388607)
 106 compressed objects within 2 object streams
 0 named destinations out of 1000 (max. 500000)
 16 words of extra memory for PDF output out of 10000 (max. 10000000)

